<?xml version="1.0" encoding="UTF-8"?>
<testsuite xmlns:xsi="http://www.w3.org/2001/XMLSchema-instance" xsi:noNamespaceSchemaLocation="https://maven.apache.org/surefire/maven-surefire-plugin/xsd/surefire-test-report-3.0.xsd" version="3.0" name="com.example.HelloWorldTest" time="0.071" tests="1" errors="0" skipped="0" failures="0">
  <properties>
    <property name="java.specification.version" value="21"/>
    <property name="sun.jnu.encoding" value="UTF-8"/>
    <property name="java.class.path" value="/home/jun/source/jnuank/http4k-study/HelloWorld/target/test-classes:/home/jun/source/jnuank/http4k-study/HelloWorld/target/classes:/home/jun/.m2/repository/org/http4k/http4k-core/5.13.0.0/http4k-core-5.13.0.0.jar:/home/jun/.m2/repository/org/jetbrains/kotlin/kotlin-stdlib/1.9.22/kotlin-stdlib-1.9.22.jar:/home/jun/.m2/repository/org/jetbrains/annotations/13.0/annotations-13.0.jar:/home/jun/.m2/repository/org/http4k/http4k-testing-approval/5.13.0.0/http4k-testing-approval-5.13.0.0.jar:/home/jun/.m2/repository/com/github/javadev/underscore/1.97/underscore-1.97.jar:/home/jun/.m2/repository/org/http4k/http4k-testing-hamkrest/5.13.0.0/http4k-testing-hamkrest-5.13.0.0.jar:/home/jun/.m2/repository/com/natpryce/hamkrest/1.8.0.1/hamkrest-1.8.0.1.jar:/home/jun/.m2/repository/org/junit/jupiter/junit-jupiter-api/5.10.0/junit-jupiter-api-5.10.0.jar:/home/jun/.m2/repository/org/opentest4j/opentest4j/1.3.0/opentest4j-1.3.0.jar:/home/jun/.m2/repository/org/junit/platform/junit-platform-commons/1.10.0/junit-platform-commons-1.10.0.jar:/home/jun/.m2/repository/org/apiguardian/apiguardian-api/1.1.2/apiguardian-api-1.1.2.jar:/home/jun/.m2/repository/org/junit/jupiter/junit-jupiter-engine/5.10.0/junit-jupiter-engine-5.10.0.jar:/home/jun/.m2/repository/org/junit/platform/junit-platform-engine/1.10.0/junit-platform-engine-1.10.0.jar:"/>
    <property name="java.vm.vendor" value="Eclipse Adoptium"/>
    <property name="sun.arch.data.model" value="64"/>
    <property name="java.vendor.url" value="https://adoptium.net/"/>
    <property name="os.name" value="Linux"/>
    <property name="java.vm.specification.version" value="21"/>
    <property name="sun.java.launcher" value="SUN_STANDARD"/>
    <property name="user.country" value="JP"/>
    <property name="sun.boot.library.path" value="/home/jun/.sdkman/candidates/java/21.0.1-tem/lib"/>
    <property name="sun.java.command" value="/home/jun/source/jnuank/http4k-study/HelloWorld/target/surefire/surefirebooter-20240127163338066_3.jar /home/jun/source/jnuank/http4k-study/HelloWorld/target/surefire 2024-01-27T16-33-38_012-jvmRun1 surefire-20240127163338066_1tmp surefire_0-20240127163338066_2tmp"/>
    <property name="jdk.debug" value="release"/>
    <property name="surefire.test.class.path" value="/home/jun/source/jnuank/http4k-study/HelloWorld/target/test-classes:/home/jun/source/jnuank/http4k-study/HelloWorld/target/classes:/home/jun/.m2/repository/org/http4k/http4k-core/5.13.0.0/http4k-core-5.13.0.0.jar:/home/jun/.m2/repository/org/jetbrains/kotlin/kotlin-stdlib/1.9.22/kotlin-stdlib-1.9.22.jar:/home/jun/.m2/repository/org/jetbrains/annotations/13.0/annotations-13.0.jar:/home/jun/.m2/repository/org/http4k/http4k-testing-approval/5.13.0.0/http4k-testing-approval-5.13.0.0.jar:/home/jun/.m2/repository/com/github/javadev/underscore/1.97/underscore-1.97.jar:/home/jun/.m2/repository/org/http4k/http4k-testing-hamkrest/5.13.0.0/http4k-testing-hamkrest-5.13.0.0.jar:/home/jun/.m2/repository/com/natpryce/hamkrest/1.8.0.1/hamkrest-1.8.0.1.jar:/home/jun/.m2/repository/org/junit/jupiter/junit-jupiter-api/5.10.0/junit-jupiter-api-5.10.0.jar:/home/jun/.m2/repository/org/opentest4j/opentest4j/1.3.0/opentest4j-1.3.0.jar:/home/jun/.m2/repository/org/junit/platform/junit-platform-commons/1.10.0/junit-platform-commons-1.10.0.jar:/home/jun/.m2/repository/org/apiguardian/apiguardian-api/1.1.2/apiguardian-api-1.1.2.jar:/home/jun/.m2/repository/org/junit/jupiter/junit-jupiter-engine/5.10.0/junit-jupiter-engine-5.10.0.jar:/home/jun/.m2/repository/org/junit/platform/junit-platform-engine/1.10.0/junit-platform-engine-1.10.0.jar:"/>
    <property name="sun.cpu.endian" value="little"/>
    <property name="user.home" value="/home/jun"/>
    <property name="user.language" value="ja"/>
    <property name="java.specification.vendor" value="Oracle Corporation"/>
    <property name="java.version.date" value="2023-10-17"/>
    <property name="java.home" value="/home/jun/.sdkman/candidates/java/21.0.1-tem"/>
    <property name="file.separator" value="/"/>
    <property name="basedir" value="/home/jun/source/jnuank/http4k-study/HelloWorld"/>
    <property name="java.vm.compressedOopsMode" value="Zero based"/>
    <property name="line.separator" value="&#10;"/>
    <property name="java.specification.name" value="Java Platform API Specification"/>
    <property name="java.vm.specification.vendor" value="Oracle Corporation"/>
    <property name="surefire.real.class.path" value="/home/jun/source/jnuank/http4k-study/HelloWorld/target/surefire/surefirebooter-20240127163338066_3.jar"/>
    <property name="sun.management.compiler" value="HotSpot 64-Bit Tiered Compilers"/>
    <property name="java.runtime.version" value="21.0.1+12-LTS"/>
    <property name="user.name" value="jun"/>
    <property name="stdout.encoding" value="UTF-8"/>
    <property name="path.separator" value=":"/>
    <property name="os.version" value="5.15.0-92-generic"/>
    <property name="java.runtime.name" value="OpenJDK Runtime Environment"/>
    <property name="file.encoding" value="UTF-8"/>
    <property name="java.vm.name" value="OpenJDK 64-Bit Server VM"/>
    <property name="java.vendor.version" value="Temurin-21.0.1+12"/>
    <property name="localRepository" value="/home/jun/.m2/repository"/>
    <property name="java.vendor.url.bug" value="https://github.com/adoptium/adoptium-support/issues"/>
    <property name="java.io.tmpdir" value="/tmp"/>
    <property name="idea.version" value="2023.3.3"/>
    <property name="java.version" value="21.0.1"/>
    <property name="user.dir" value="/home/jun/source/jnuank/http4k-study/HelloWorld"/>
    <property name="os.arch" value="amd64"/>
    <property name="java.vm.specification.name" value="Java Virtual Machine Specification"/>
    <property name="native.encoding" value="UTF-8"/>
    <property name="java.library.path" value="/usr/java/packages/lib:/usr/lib64:/lib64:/lib:/usr/lib"/>
    <property name="java.vm.info" value="mixed mode, sharing"/>
    <property name="stderr.encoding" value="UTF-8"/>
    <property name="java.vendor" value="Eclipse Adoptium"/>
    <property name="java.vm.version" value="21.0.1+12-LTS"/>
    <property name="sun.io.unicode.encoding" value="UnicodeLittle"/>
    <property name="java.class.version" value="65.0"/>
  </properties>
  <testcase name="Ping test" classname="com.example.HelloWorldTest" time="0.055"/>
</testsuite>